[debug] [2020-09-13T14:56:02.250Z] ----------------------------------------------------------------------
[debug] [2020-09-13T14:56:02.253Z] Command:       C:\Program Files\nodejs\node.exe C:\Users\Alejandro\AppData\Roaming\npm\node_modules\firebase-tools\lib\bin\firebase.js emulators:start
[debug] [2020-09-13T14:56:02.253Z] CLI Version:   8.10.0
[debug] [2020-09-13T14:56:02.253Z] Platform:      win32
[debug] [2020-09-13T14:56:02.253Z] Node Version:  v10.15.3
[debug] [2020-09-13T14:56:02.256Z] Time:          Sun Sep 13 2020 09:56:02 GMT-0500 (GMT-05:00)
[debug] [2020-09-13T14:56:02.256Z] ----------------------------------------------------------------------
[debug] [2020-09-13T14:56:02.256Z] 
[debug] [2020-09-13T14:56:02.267Z] > command requires scopes: ["email","openid","https://www.googleapis.com/auth/cloudplatformprojects.readonly","https://www.googleapis.com/auth/firebase","https://www.googleapis.com/auth/cloud-platform"]
[debug] [2020-09-13T14:56:02.268Z] > authorizing via signed-in user
[info] i  emulators: Starting emulators: functions, hosting {"metadata":{"emulator":{"name":"hub"},"message":"Starting emulators: functions, hosting"}}
[debug] [2020-09-13T14:56:04.295Z] [hub] writing locator at C:\Users\ALEJAN~1\AppData\Local\Temp\hub-challenge-4d263.json
[warn] !  functions: The following emulators are not running, calls to these services from the Functions emulator will affect production: firestore, database, pubsub {"metadata":{"emulator":{"name":"functions"},"message":"The following emulators are not running, calls to these services from the Functions emulator will affect production: \u001b[1mfirestore, database, pubsub\u001b[22m"}}
[info] +  functions: Using node@10 from host. {"metadata":{"emulator":{"name":"functions"},"message":"Using node@10 from host."}}
[debug] [2020-09-13T14:56:06.338Z] defaultcredentials: writing to file C:\Users\Alejandro\AppData\Roaming\firebase\alejandrohernang_gmail_com_application_default_credentials.json
[debug] [2020-09-13T14:56:06.342Z] Setting GAC to C:\Users\Alejandro\AppData\Roaming\firebase\alejandrohernang_gmail_com_application_default_credentials.json {"metadata":{"emulator":{"name":"functions"},"message":"Setting GAC to C:\\Users\\Alejandro\\AppData\\Roaming\\firebase\\alejandrohernang_gmail_com_application_default_credentials.json"}}
[debug] [2020-09-13T14:56:08.354Z] > refreshing access token with scopes: ["email","https://www.googleapis.com/auth/cloud-platform","https://www.googleapis.com/auth/cloudplatformprojects.readonly","https://www.googleapis.com/auth/firebase","openid"]
[debug] [2020-09-13T14:56:08.354Z] >>> HTTP REQUEST POST https://www.googleapis.com/oauth2/v3/token  
 <request body omitted>
[debug] [2020-09-13T14:56:10.035Z] <<< HTTP RESPONSE 200 {"content-type":"application/json; charset=utf-8","vary":"X-Origin, Referer, Origin,Accept-Encoding","date":"Sun, 13 Sep 2020 14:56:11 GMT","server":"scaffolding on HTTPServer2","cache-control":"private","x-xss-protection":"0","x-frame-options":"SAMEORIGIN","x-content-type-options":"nosniff","alt-svc":"h3-29=\":443\"; ma=2592000,h3-27=\":443\"; ma=2592000,h3-T051=\":443\"; ma=2592000,h3-T050=\":443\"; ma=2592000,h3-Q050=\":443\"; ma=2592000,h3-Q046=\":443\"; ma=2592000,h3-Q043=\":443\"; ma=2592000,quic=\":443\"; ma=2592000; v=\"46,43\"","accept-ranges":"none","transfer-encoding":"chunked"}
[debug] [2020-09-13T14:56:10.044Z] >>> HTTP REQUEST GET https://firebase.googleapis.com/v1beta1/projects/challenge-4d263/webApps/-/config  
 
[debug] [2020-09-13T14:56:10.800Z] <<< HTTP RESPONSE 200 {"content-type":"application/json; charset=UTF-8","vary":"X-Origin, Referer, Origin,Accept-Encoding","date":"Sun, 13 Sep 2020 14:56:12 GMT","server":"ESF","cache-control":"private","x-xss-protection":"0","x-frame-options":"SAMEORIGIN","x-content-type-options":"nosniff","alt-svc":"h3-29=\":443\"; ma=2592000,h3-27=\":443\"; ma=2592000,h3-T051=\":443\"; ma=2592000,h3-T050=\":443\"; ma=2592000,h3-Q050=\":443\"; ma=2592000,h3-Q046=\":443\"; ma=2592000,h3-Q043=\":443\"; ma=2592000,quic=\":443\"; ma=2592000; v=\"46,43\"","accept-ranges":"none","transfer-encoding":"chunked"}
[info] i  hosting: Serving hosting files from: build {"metadata":{"emulator":{"name":"hosting"},"message":"Serving hosting files from: \u001b[1mbuild\u001b[22m"}}
[info] +  hosting: Local server: http://localhost:5000 {"metadata":{"emulator":{"name":"hosting"},"message":"Local server: \u001b[4m\u001b[1mhttp://localhost:5000\u001b[22m\u001b[24m"}}
[debug] [2020-09-13T14:56:14.842Z] Ignoring unsupported arg: auto_download {"metadata":{"emulator":{"name":"ui"},"message":"Ignoring unsupported arg: auto_download"}}
[debug] [2020-09-13T14:56:14.843Z] Ignoring unsupported arg: port {"metadata":{"emulator":{"name":"ui"},"message":"Ignoring unsupported arg: port"}}
[debug] [2020-09-13T14:56:14.843Z] Starting Emulator UI with command {"binary":"node","args":["C:\\Users\\Alejandro\\.cache\\firebase\\emulators\\ui-v1.1.1\\server.bundle.js"],"optionalArgs":[],"joinArgs":false} {"metadata":{"emulator":{"name":"ui"},"message":"Starting Emulator UI with command {\"binary\":\"node\",\"args\":[\"C:\\\\Users\\\\Alejandro\\\\.cache\\\\firebase\\\\emulators\\\\ui-v1.1.1\\\\server.bundle.js\"],\"optionalArgs\":[],\"joinArgs\":false}"}}
[info] i  ui: Emulator UI logging to ui-debug.log {"metadata":{"emulator":{"name":"ui"},"message":"Emulator UI logging to \u001b[1mui-debug.log\u001b[22m"}}
[debug] [2020-09-13T14:56:15.074Z] Web / API server started at http://localhost:4000
 {"metadata":{"emulator":{"name":"ui"},"message":"Web / API server started at http://localhost:4000\n"}}
[info] i  functions: Watching "C:\Users\Alejandro\Desktop\Clever Programmer\amazon-clone\functions" for Cloud Functions... {"metadata":{"emulator":{"name":"functions"},"message":"Watching \"C:\\Users\\Alejandro\\Desktop\\Clever Programmer\\amazon-clone\\functions\" for Cloud Functions..."}}
[debug] [2020-09-13T14:56:15.374Z] [worker-pool] addWorker(~diagnostic~) {"metadata":{"emulator":{"name":"functions"},"message":"[worker-pool] addWorker(~diagnostic~)"}}
[debug] [2020-09-13T14:56:15.374Z] [worker-pool] Adding worker with key ~diagnostic~, total=1 {"metadata":{"emulator":{"name":"functions"},"message":"[worker-pool] Adding worker with key ~diagnostic~, total=1"}}
[debug] [2020-09-13T14:56:15.375Z] [worker-pool] submitWork(triggerId=) {"metadata":{"emulator":{"name":"functions"},"message":"[worker-pool] submitWork(triggerId=)"}}
[debug] [2020-09-13T14:56:15.375Z] [worker-~diagnostic~-b532f196-3bd4-4643-8c2c-a8dc872cb8da]: Assigning socketPath: \\?\pipe\C:\Users\Alejandro\Desktop\Clever Programmer\amazon-clone\functions\11356 {"metadata":{"emulator":{"name":"functions"},"message":"[worker-~diagnostic~-b532f196-3bd4-4643-8c2c-a8dc872cb8da]: Assigning socketPath: \\\\?\\pipe\\C:\\Users\\Alejandro\\Desktop\\Clever Programmer\\amazon-clone\\functions\\11356"}}
[debug] [2020-09-13T14:56:15.376Z] [worker-~diagnostic~-b532f196-3bd4-4643-8c2c-a8dc872cb8da]: BUSY {"metadata":{"emulator":{"name":"functions"},"message":"[worker-~diagnostic~-b532f196-3bd4-4643-8c2c-a8dc872cb8da]: BUSY"}}
[debug] [2020-09-13T14:56:15.984Z] [runtime-status] [11356] Functions runtime initialized. {"cwd":"C:\\Users\\Alejandro\\Desktop\\Clever Programmer\\amazon-clone\\functions","node_version":"10.15.3"} {"metadata":{"emulator":{"name":"functions"},"message":"[runtime-status] [11356] Functions runtime initialized. {\"cwd\":\"C:\\\\Users\\\\Alejandro\\\\Desktop\\\\Clever Programmer\\\\amazon-clone\\\\functions\",\"node_version\":\"10.15.3\"}"}}
[debug] [2020-09-13T14:56:15.986Z] [runtime-status] [11356] Disabled runtime features: undefined {"metadata":{"emulator":{"name":"functions"},"message":"[runtime-status] [11356] Disabled runtime features: undefined"}}
[debug] [2020-09-13T14:56:15.992Z] [runtime-status] [11356] Resolved module firebase-admin {"declared":true,"installed":true,"version":"8.13.0","resolution":"C:\\Users\\Alejandro\\Desktop\\Clever Programmer\\amazon-clone\\functions\\node_modules\\firebase-admin\\lib\\index.js"} {"metadata":{"emulator":{"name":"functions"},"message":"[runtime-status] [11356] Resolved module firebase-admin {\"declared\":true,\"installed\":true,\"version\":\"8.13.0\",\"resolution\":\"C:\\\\Users\\\\Alejandro\\\\Desktop\\\\Clever Programmer\\\\amazon-clone\\\\functions\\\\node_modules\\\\firebase-admin\\\\lib\\\\index.js\"}"}}
[debug] [2020-09-13T14:56:15.995Z] [runtime-status] [11356] Resolved module firebase-functions {"declared":true,"installed":true,"version":"3.11.0","resolution":"C:\\Users\\Alejandro\\Desktop\\Clever Programmer\\amazon-clone\\functions\\node_modules\\firebase-functions\\lib\\index.js"} {"metadata":{"emulator":{"name":"functions"},"message":"[runtime-status] [11356] Resolved module firebase-functions {\"declared\":true,\"installed\":true,\"version\":\"3.11.0\",\"resolution\":\"C:\\\\Users\\\\Alejandro\\\\Desktop\\\\Clever Programmer\\\\amazon-clone\\\\functions\\\\node_modules\\\\firebase-functions\\\\lib\\\\index.js\"}"}}
[debug] [2020-09-13T14:56:15.996Z] [runtime-status] [11356] Resolved module firebase-functions {"declared":true,"installed":true,"version":"3.11.0","resolution":"C:\\Users\\Alejandro\\Desktop\\Clever Programmer\\amazon-clone\\functions\\node_modules\\firebase-functions\\lib\\index.js"} {"metadata":{"emulator":{"name":"functions"},"message":"[runtime-status] [11356] Resolved module firebase-functions {\"declared\":true,\"installed\":true,\"version\":\"3.11.0\",\"resolution\":\"C:\\\\Users\\\\Alejandro\\\\Desktop\\\\Clever Programmer\\\\amazon-clone\\\\functions\\\\node_modules\\\\firebase-functions\\\\lib\\\\index.js\"}"}}
[debug] [2020-09-13T14:56:16.004Z] [runtime-status] [11356] Outgoing network have been stubbed. [{"name":"http","status":"mocked"},{"name":"http","status":"mocked"},{"name":"https","status":"mocked"},{"name":"https","status":"mocked"},{"name":"net","status":"mocked"}] {"metadata":{"emulator":{"name":"functions"},"message":"[runtime-status] [11356] Outgoing network have been stubbed. [{\"name\":\"http\",\"status\":\"mocked\"},{\"name\":\"http\",\"status\":\"mocked\"},{\"name\":\"https\",\"status\":\"mocked\"},{\"name\":\"https\",\"status\":\"mocked\"},{\"name\":\"net\",\"status\":\"mocked\"}]"}}
[debug] [2020-09-13T14:56:16.006Z] [runtime-status] [11356] Resolved module firebase-functions {"declared":true,"installed":true,"version":"3.11.0","resolution":"C:\\Users\\Alejandro\\Desktop\\Clever Programmer\\amazon-clone\\functions\\node_modules\\firebase-functions\\lib\\index.js"} {"metadata":{"emulator":{"name":"functions"},"message":"[runtime-status] [11356] Resolved module firebase-functions {\"declared\":true,\"installed\":true,\"version\":\"3.11.0\",\"resolution\":\"C:\\\\Users\\\\Alejandro\\\\Desktop\\\\Clever Programmer\\\\amazon-clone\\\\functions\\\\node_modules\\\\firebase-functions\\\\lib\\\\index.js\"}"}}
[debug] [2020-09-13T14:56:16.075Z] [runtime-status] [11356] Checked functions.config() {"config":{}} {"metadata":{"emulator":{"name":"functions"},"message":"[runtime-status] [11356] Checked functions.config() {\"config\":{}}"}}
[debug] [2020-09-13T14:56:16.076Z] [runtime-status] [11356] firebase-functions has been stubbed. {"functionsResolution":{"declared":true,"installed":true,"version":"3.11.0","resolution":"C:\\Users\\Alejandro\\Desktop\\Clever Programmer\\amazon-clone\\functions\\node_modules\\firebase-functions\\lib\\index.js"}} {"metadata":{"emulator":{"name":"functions"},"message":"[runtime-status] [11356] firebase-functions has been stubbed. {\"functionsResolution\":{\"declared\":true,\"installed\":true,\"version\":\"3.11.0\",\"resolution\":\"C:\\\\Users\\\\Alejandro\\\\Desktop\\\\Clever Programmer\\\\amazon-clone\\\\functions\\\\node_modules\\\\firebase-functions\\\\lib\\\\index.js\"}}"}}
[debug] [2020-09-13T14:56:16.077Z] [runtime-status] [11356] Resolved module firebase-functions {"declared":true,"installed":true,"version":"3.11.0","resolution":"C:\\Users\\Alejandro\\Desktop\\Clever Programmer\\amazon-clone\\functions\\node_modules\\firebase-functions\\lib\\index.js"} {"metadata":{"emulator":{"name":"functions"},"message":"[runtime-status] [11356] Resolved module firebase-functions {\"declared\":true,\"installed\":true,\"version\":\"3.11.0\",\"resolution\":\"C:\\\\Users\\\\Alejandro\\\\Desktop\\\\Clever Programmer\\\\amazon-clone\\\\functions\\\\node_modules\\\\firebase-functions\\\\lib\\\\index.js\"}"}}
[debug] [2020-09-13T14:56:16.081Z] [runtime-status] [11356] Resolved module firebase-admin {"declared":true,"installed":true,"version":"8.13.0","resolution":"C:\\Users\\Alejandro\\Desktop\\Clever Programmer\\amazon-clone\\functions\\node_modules\\firebase-admin\\lib\\index.js"} {"metadata":{"emulator":{"name":"functions"},"message":"[runtime-status] [11356] Resolved module firebase-admin {\"declared\":true,\"installed\":true,\"version\":\"8.13.0\",\"resolution\":\"C:\\\\Users\\\\Alejandro\\\\Desktop\\\\Clever Programmer\\\\amazon-clone\\\\functions\\\\node_modules\\\\firebase-admin\\\\lib\\\\index.js\"}"}}
[debug] [2020-09-13T14:56:16.082Z] [runtime-status] [11356] Resolved module firebase-functions {"declared":true,"installed":true,"version":"3.11.0","resolution":"C:\\Users\\Alejandro\\Desktop\\Clever Programmer\\amazon-clone\\functions\\node_modules\\firebase-functions\\lib\\index.js"} {"metadata":{"emulator":{"name":"functions"},"message":"[runtime-status] [11356] Resolved module firebase-functions {\"declared\":true,\"installed\":true,\"version\":\"3.11.0\",\"resolution\":\"C:\\\\Users\\\\Alejandro\\\\Desktop\\\\Clever Programmer\\\\amazon-clone\\\\functions\\\\node_modules\\\\firebase-functions\\\\lib\\\\index.js\"}"}}
[debug] [2020-09-13T14:56:16.083Z] [runtime-status] [11356] firebase-admin has been stubbed. {"adminResolution":{"declared":true,"installed":true,"version":"8.13.0","resolution":"C:\\Users\\Alejandro\\Desktop\\Clever Programmer\\amazon-clone\\functions\\node_modules\\firebase-admin\\lib\\index.js"}} {"metadata":{"emulator":{"name":"functions"},"message":"[runtime-status] [11356] firebase-admin has been stubbed. {\"adminResolution\":{\"declared\":true,\"installed\":true,\"version\":\"8.13.0\",\"resolution\":\"C:\\\\Users\\\\Alejandro\\\\Desktop\\\\Clever Programmer\\\\amazon-clone\\\\functions\\\\node_modules\\\\firebase-admin\\\\lib\\\\index.js\"}}"}}
[info] +  functions[api]: http function initialized (http://localhost:5001/challenge-4d263/us-central1/api). {"metadata":{"emulator":{"name":"functions"},"message":"\u001b[1mhttp\u001b[22m function initialized (http://localhost:5001/challenge-4d263/us-central1/api)."}}
[info] 
┌───────────────────────────────────────────────────────────────────────┐
│ ✔  All emulators ready! View status and logs at http://localhost:4000 │
└───────────────────────────────────────────────────────────────────────┘

┌───────────┬────────────────┬─────────────────────────────────┐
│ Emulator  │ Host:Port      │ View in Emulator UI             │
├───────────┼────────────────┼─────────────────────────────────┤
│ Functions │ localhost:5001 │ http://localhost:4000/functions │
├───────────┼────────────────┼─────────────────────────────────┤
│ Hosting   │ localhost:5000 │ n/a                             │
└───────────┴────────────────┴─────────────────────────────────┘
  Other reserved ports: 4400, 4500

Issues? Report them at https://github.com/firebase/firebase-tools/issues and attach the *-debug.log files.
 
[debug] [2020-09-13T14:56:16.268Z] [worker-~diagnostic~-b532f196-3bd4-4643-8c2c-a8dc872cb8da]: IDLE {"metadata":{"emulator":{"name":"functions"},"message":"[worker-~diagnostic~-b532f196-3bd4-4643-8c2c-a8dc872cb8da]: IDLE"}}
[debug] [2020-09-13T14:56:23.461Z] [work-queue] {"queueLength":1,"workRunningCount":0}
[debug] [2020-09-13T14:56:23.462Z] [work-queue] {"queueLength":0,"workRunningCount":1}
[debug] [2020-09-13T14:56:23.462Z] Accepted request GET /challenge-4d263/us-central1/api --> api
[debug] [2020-09-13T14:56:23.469Z] [worker-pool] addWorker(api) {"metadata":{"emulator":{"name":"functions"},"message":"[worker-pool] addWorker(api)"}}
[debug] [2020-09-13T14:56:23.470Z] [worker-pool] Adding worker with key api, total=1 {"metadata":{"emulator":{"name":"functions"},"message":"[worker-pool] Adding worker with key api, total=1"}}
[debug] [2020-09-13T14:56:23.470Z] [worker-pool] submitWork(triggerId=api) {"metadata":{"emulator":{"name":"functions"},"message":"[worker-pool] submitWork(triggerId=api)"}}
[debug] [2020-09-13T14:56:23.470Z] [worker-api-bf072732-d165-4ce3-87f2-e939795888a9]: Assigning socketPath: \\?\pipe\C:\Users\Alejandro\Desktop\Clever Programmer\amazon-clone\functions\6656 {"metadata":{"emulator":{"name":"functions"},"message":"[worker-api-bf072732-d165-4ce3-87f2-e939795888a9]: Assigning socketPath: \\\\?\\pipe\\C:\\Users\\Alejandro\\Desktop\\Clever Programmer\\amazon-clone\\functions\\6656"}}
[debug] [2020-09-13T14:56:23.471Z] [worker-api-bf072732-d165-4ce3-87f2-e939795888a9]: BUSY {"metadata":{"emulator":{"name":"functions"},"message":"[worker-api-bf072732-d165-4ce3-87f2-e939795888a9]: BUSY"}}
[debug] [2020-09-13T14:56:24.357Z] [runtime-status] [6656] Functions runtime initialized. {"cwd":"C:\\Users\\Alejandro\\Desktop\\Clever Programmer\\amazon-clone\\functions","node_version":"10.15.3"} {"metadata":{"emulator":{"name":"functions"},"function":{"name":"api"},"message":"[runtime-status] [6656] Functions runtime initialized. {\"cwd\":\"C:\\\\Users\\\\Alejandro\\\\Desktop\\\\Clever Programmer\\\\amazon-clone\\\\functions\",\"node_version\":\"10.15.3\"}"}}
[debug] [2020-09-13T14:56:24.362Z] [runtime-status] [6656] Disabled runtime features: undefined {"metadata":{"emulator":{"name":"functions"},"function":{"name":"api"},"message":"[runtime-status] [6656] Disabled runtime features: undefined"}}
[debug] [2020-09-13T14:56:24.373Z] [runtime-status] [6656] Resolved module firebase-admin {"declared":true,"installed":true,"version":"8.13.0","resolution":"C:\\Users\\Alejandro\\Desktop\\Clever Programmer\\amazon-clone\\functions\\node_modules\\firebase-admin\\lib\\index.js"} {"metadata":{"emulator":{"name":"functions"},"function":{"name":"api"},"message":"[runtime-status] [6656] Resolved module firebase-admin {\"declared\":true,\"installed\":true,\"version\":\"8.13.0\",\"resolution\":\"C:\\\\Users\\\\Alejandro\\\\Desktop\\\\Clever Programmer\\\\amazon-clone\\\\functions\\\\node_modules\\\\firebase-admin\\\\lib\\\\index.js\"}"}}
[debug] [2020-09-13T14:56:24.387Z] [runtime-status] [6656] Resolved module firebase-functions {"declared":true,"installed":true,"version":"3.11.0","resolution":"C:\\Users\\Alejandro\\Desktop\\Clever Programmer\\amazon-clone\\functions\\node_modules\\firebase-functions\\lib\\index.js"} {"metadata":{"emulator":{"name":"functions"},"function":{"name":"api"},"message":"[runtime-status] [6656] Resolved module firebase-functions {\"declared\":true,\"installed\":true,\"version\":\"3.11.0\",\"resolution\":\"C:\\\\Users\\\\Alejandro\\\\Desktop\\\\Clever Programmer\\\\amazon-clone\\\\functions\\\\node_modules\\\\firebase-functions\\\\lib\\\\index.js\"}"}}
[debug] [2020-09-13T14:56:24.389Z] [runtime-status] [6656] Resolved module firebase-functions {"declared":true,"installed":true,"version":"3.11.0","resolution":"C:\\Users\\Alejandro\\Desktop\\Clever Programmer\\amazon-clone\\functions\\node_modules\\firebase-functions\\lib\\index.js"} {"metadata":{"emulator":{"name":"functions"},"function":{"name":"api"},"message":"[runtime-status] [6656] Resolved module firebase-functions {\"declared\":true,\"installed\":true,\"version\":\"3.11.0\",\"resolution\":\"C:\\\\Users\\\\Alejandro\\\\Desktop\\\\Clever Programmer\\\\amazon-clone\\\\functions\\\\node_modules\\\\firebase-functions\\\\lib\\\\index.js\"}"}}
[debug] [2020-09-13T14:56:24.401Z] [runtime-status] [6656] Outgoing network have been stubbed. [{"name":"http","status":"mocked"},{"name":"http","status":"mocked"},{"name":"https","status":"mocked"},{"name":"https","status":"mocked"},{"name":"net","status":"mocked"}] {"metadata":{"emulator":{"name":"functions"},"function":{"name":"api"},"message":"[runtime-status] [6656] Outgoing network have been stubbed. [{\"name\":\"http\",\"status\":\"mocked\"},{\"name\":\"http\",\"status\":\"mocked\"},{\"name\":\"https\",\"status\":\"mocked\"},{\"name\":\"https\",\"status\":\"mocked\"},{\"name\":\"net\",\"status\":\"mocked\"}]"}}
[debug] [2020-09-13T14:56:24.408Z] [runtime-status] [6656] Resolved module firebase-functions {"declared":true,"installed":true,"version":"3.11.0","resolution":"C:\\Users\\Alejandro\\Desktop\\Clever Programmer\\amazon-clone\\functions\\node_modules\\firebase-functions\\lib\\index.js"} {"metadata":{"emulator":{"name":"functions"},"function":{"name":"api"},"message":"[runtime-status] [6656] Resolved module firebase-functions {\"declared\":true,\"installed\":true,\"version\":\"3.11.0\",\"resolution\":\"C:\\\\Users\\\\Alejandro\\\\Desktop\\\\Clever Programmer\\\\amazon-clone\\\\functions\\\\node_modules\\\\firebase-functions\\\\lib\\\\index.js\"}"}}
[debug] [2020-09-13T14:56:24.544Z] [runtime-status] [6656] Checked functions.config() {"config":{}} {"metadata":{"emulator":{"name":"functions"},"function":{"name":"api"},"message":"[runtime-status] [6656] Checked functions.config() {\"config\":{}}"}}
[debug] [2020-09-13T14:56:24.545Z] [runtime-status] [6656] firebase-functions has been stubbed. {"functionsResolution":{"declared":true,"installed":true,"version":"3.11.0","resolution":"C:\\Users\\Alejandro\\Desktop\\Clever Programmer\\amazon-clone\\functions\\node_modules\\firebase-functions\\lib\\index.js"}} {"metadata":{"emulator":{"name":"functions"},"function":{"name":"api"},"message":"[runtime-status] [6656] firebase-functions has been stubbed. {\"functionsResolution\":{\"declared\":true,\"installed\":true,\"version\":\"3.11.0\",\"resolution\":\"C:\\\\Users\\\\Alejandro\\\\Desktop\\\\Clever Programmer\\\\amazon-clone\\\\functions\\\\node_modules\\\\firebase-functions\\\\lib\\\\index.js\"}}"}}
[debug] [2020-09-13T14:56:24.546Z] [runtime-status] [6656] Resolved module firebase-functions {"declared":true,"installed":true,"version":"3.11.0","resolution":"C:\\Users\\Alejandro\\Desktop\\Clever Programmer\\amazon-clone\\functions\\node_modules\\firebase-functions\\lib\\index.js"} {"metadata":{"emulator":{"name":"functions"},"function":{"name":"api"},"message":"[runtime-status] [6656] Resolved module firebase-functions {\"declared\":true,\"installed\":true,\"version\":\"3.11.0\",\"resolution\":\"C:\\\\Users\\\\Alejandro\\\\Desktop\\\\Clever Programmer\\\\amazon-clone\\\\functions\\\\node_modules\\\\firebase-functions\\\\lib\\\\index.js\"}"}}
[debug] [2020-09-13T14:56:24.548Z] [runtime-status] [6656] Resolved module firebase-admin {"declared":true,"installed":true,"version":"8.13.0","resolution":"C:\\Users\\Alejandro\\Desktop\\Clever Programmer\\amazon-clone\\functions\\node_modules\\firebase-admin\\lib\\index.js"} {"metadata":{"emulator":{"name":"functions"},"function":{"name":"api"},"message":"[runtime-status] [6656] Resolved module firebase-admin {\"declared\":true,\"installed\":true,\"version\":\"8.13.0\",\"resolution\":\"C:\\\\Users\\\\Alejandro\\\\Desktop\\\\Clever Programmer\\\\amazon-clone\\\\functions\\\\node_modules\\\\firebase-admin\\\\lib\\\\index.js\"}"}}
[debug] [2020-09-13T14:56:24.548Z] [runtime-status] [6656] Resolved module firebase-functions {"declared":true,"installed":true,"version":"3.11.0","resolution":"C:\\Users\\Alejandro\\Desktop\\Clever Programmer\\amazon-clone\\functions\\node_modules\\firebase-functions\\lib\\index.js"} {"metadata":{"emulator":{"name":"functions"},"function":{"name":"api"},"message":"[runtime-status] [6656] Resolved module firebase-functions {\"declared\":true,\"installed\":true,\"version\":\"3.11.0\",\"resolution\":\"C:\\\\Users\\\\Alejandro\\\\Desktop\\\\Clever Programmer\\\\amazon-clone\\\\functions\\\\node_modules\\\\firebase-functions\\\\lib\\\\index.js\"}"}}
[debug] [2020-09-13T14:56:24.549Z] [runtime-status] [6656] firebase-admin has been stubbed. {"adminResolution":{"declared":true,"installed":true,"version":"8.13.0","resolution":"C:\\Users\\Alejandro\\Desktop\\Clever Programmer\\amazon-clone\\functions\\node_modules\\firebase-admin\\lib\\index.js"}} {"metadata":{"emulator":{"name":"functions"},"function":{"name":"api"},"message":"[runtime-status] [6656] firebase-admin has been stubbed. {\"adminResolution\":{\"declared\":true,\"installed\":true,\"version\":\"8.13.0\",\"resolution\":\"C:\\\\Users\\\\Alejandro\\\\Desktop\\\\Clever Programmer\\\\amazon-clone\\\\functions\\\\node_modules\\\\firebase-admin\\\\lib\\\\index.js\"}}"}}
[debug] [2020-09-13T14:56:24.787Z] [runtime-status] [6656] Trigger "api" has been found, beginning invocation! {"metadata":{"emulator":{"name":"functions"},"function":{"name":"api"},"message":"[runtime-status] [6656] Trigger \"api\" has been found, beginning invocation!"}}
[info] i  functions: Beginning execution of "api" {"metadata":{"emulator":{"name":"functions"},"function":{"name":"api"},"message":"Beginning execution of \"api\""}}
[debug] [2020-09-13T14:56:24.789Z] [runtime-status] [6656] triggerDefinition {"httpsTrigger":{},"name":"api","entryPoint":"api"} {"metadata":{"emulator":{"name":"functions"},"function":{"name":"api"},"message":"[runtime-status] [6656] triggerDefinition {\"httpsTrigger\":{},\"name\":\"api\",\"entryPoint\":\"api\"}"}}
[debug] [2020-09-13T14:56:24.789Z] [runtime-status] [6656] Running api in mode HTTPS {"metadata":{"emulator":{"name":"functions"},"function":{"name":"api"},"message":"[runtime-status] [6656] Running api in mode HTTPS"}}
[debug] [2020-09-13T14:56:24.794Z] [runtime-status] [6656] Attempting to listen to socketPath: \\?\pipe\C:\Users\Alejandro\Desktop\Clever Programmer\amazon-clone\functions\6656 {"metadata":{"emulator":{"name":"functions"},"function":{"name":"api"},"message":"[runtime-status] [6656] Attempting to listen to socketPath: \\\\?\\pipe\\C:\\Users\\Alejandro\\Desktop\\Clever Programmer\\amazon-clone\\functions\\6656"}}
[debug] [2020-09-13T14:56:24.798Z] [functions] Runtime ready! Sending request! {"metadata":{"emulator":{"name":"functions"},"message":"[functions] Runtime ready! Sending request!"}}
[debug] [2020-09-13T14:56:24.809Z] [runtime-status] [6656] Ephemeral server handling GET request {"metadata":{"emulator":{"name":"functions"},"function":{"name":"api"},"message":"[runtime-status] [6656] Ephemeral server handling GET request"}}
[debug] [2020-09-13T14:56:24.820Z] [runtime-status] [6656] Ephemeral server survived. {"metadata":{"emulator":{"name":"functions"},"function":{"name":"api"},"message":"[runtime-status] [6656] Ephemeral server survived."}}
[info] i  functions: Finished "api" in ~1s {"metadata":{"emulator":{"name":"functions"},"function":{"name":"api"},"message":"Finished \"api\" in ~1s"}}
[debug] [2020-09-13T14:56:24.826Z] [worker-api-bf072732-d165-4ce3-87f2-e939795888a9]: IDLE {"metadata":{"emulator":{"name":"functions"},"message":"[worker-api-bf072732-d165-4ce3-87f2-e939795888a9]: IDLE"}}
[debug] [2020-09-13T14:56:24.826Z] [work-queue] {"queueLength":0,"workRunningCount":0}
[debug] [2020-09-13T14:56:25.709Z] Functions emulator received unknown request at path /favicon.ico
[debug] [2020-09-13T14:57:17.442Z] [work-queue] {"queueLength":1,"workRunningCount":0}
[debug] [2020-09-13T14:57:17.442Z] [work-queue] {"queueLength":0,"workRunningCount":1}
[debug] [2020-09-13T14:57:17.442Z] Accepted request POST /challenge-4d263/us-central1/api/payments/create?total=23900 --> api
[debug] [2020-09-13T14:57:17.442Z] [worker-pool] submitWork(triggerId=api) {"metadata":{"emulator":{"name":"functions"},"message":"[worker-pool] submitWork(triggerId=api)"}}
[debug] [2020-09-13T14:57:17.442Z] [worker-api-bf072732-d165-4ce3-87f2-e939795888a9]: Assigning socketPath: \\?\pipe\C:\Users\Alejandro\Desktop\Clever Programmer\amazon-clone\functions\6656 {"metadata":{"emulator":{"name":"functions"},"message":"[worker-api-bf072732-d165-4ce3-87f2-e939795888a9]: Assigning socketPath: \\\\?\\pipe\\C:\\Users\\Alejandro\\Desktop\\Clever Programmer\\amazon-clone\\functions\\6656"}}
[debug] [2020-09-13T14:57:17.442Z] [worker-api-bf072732-d165-4ce3-87f2-e939795888a9]: BUSY {"metadata":{"emulator":{"name":"functions"},"message":"[worker-api-bf072732-d165-4ce3-87f2-e939795888a9]: BUSY"}}
[debug] [2020-09-13T14:57:17.443Z] [runtime-status] [6656] Trigger "api" has been found, beginning invocation! {"metadata":{"emulator":{"name":"functions"},"function":{"name":"api"},"message":"[runtime-status] [6656] Trigger \"api\" has been found, beginning invocation!"}}
[info] i  functions: Beginning execution of "api" {"metadata":{"emulator":{"name":"functions"},"function":{"name":"api"},"message":"Beginning execution of \"api\""}}
[debug] [2020-09-13T14:57:17.445Z] [runtime-status] [6656] triggerDefinition {"httpsTrigger":{},"name":"api","entryPoint":"api"} {"metadata":{"emulator":{"name":"functions"},"function":{"name":"api"},"message":"[runtime-status] [6656] triggerDefinition {\"httpsTrigger\":{},\"name\":\"api\",\"entryPoint\":\"api\"}"}}
[debug] [2020-09-13T14:57:17.445Z] [runtime-status] [6656] Running api in mode HTTPS {"metadata":{"emulator":{"name":"functions"},"function":{"name":"api"},"message":"[runtime-status] [6656] Running api in mode HTTPS"}}
[debug] [2020-09-13T14:57:17.445Z] [runtime-status] [6656] Attempting to listen to socketPath: \\?\pipe\C:\Users\Alejandro\Desktop\Clever Programmer\amazon-clone\functions\6656 {"metadata":{"emulator":{"name":"functions"},"function":{"name":"api"},"message":"[runtime-status] [6656] Attempting to listen to socketPath: \\\\?\\pipe\\C:\\Users\\Alejandro\\Desktop\\Clever Programmer\\amazon-clone\\functions\\6656"}}
[debug] [2020-09-13T14:57:17.448Z] [functions] Runtime ready! Sending request! {"metadata":{"emulator":{"name":"functions"},"message":"[functions] Runtime ready! Sending request!"}}
[debug] [2020-09-13T14:57:17.453Z] [runtime-status] [6656] Ephemeral server handling POST request {"metadata":{"emulator":{"name":"functions"},"function":{"name":"api"},"message":"[runtime-status] [6656] Ephemeral server handling POST request"}}
[info] >  Payment Request Recieved!!! 23900 {"user":"Payment Request Recieved!!! 23900","metadata":{"emulator":{"name":"functions"},"function":{"name":"api"},"message":"\u001b[90m> \u001b[39m Payment Request Recieved!!! 23900"}}
[debug] [2020-09-13T14:57:17.471Z] [runtime-status] [6656] Ephemeral server survived. {"metadata":{"emulator":{"name":"functions"},"function":{"name":"api"},"message":"[runtime-status] [6656] Ephemeral server survived."}}
[info] i  functions: Finished "api" in ~1s {"metadata":{"emulator":{"name":"functions"},"function":{"name":"api"},"message":"Finished \"api\" in ~1s"}}
[debug] [2020-09-13T14:57:18.508Z] [worker-api-bf072732-d165-4ce3-87f2-e939795888a9]: IDLE {"metadata":{"emulator":{"name":"functions"},"message":"[worker-api-bf072732-d165-4ce3-87f2-e939795888a9]: IDLE"}}
[debug] [2020-09-13T14:57:18.508Z] [work-queue] {"queueLength":0,"workRunningCount":0}
[debug] [2020-09-13T15:01:37.530Z] [work-queue] {"queueLength":1,"workRunningCount":0}
[debug] [2020-09-13T15:01:37.530Z] [work-queue] {"queueLength":0,"workRunningCount":1}
[debug] [2020-09-13T15:01:37.530Z] Accepted request POST /challenge-4d263/us-central1/api/payments/create?total=69798 --> api
[debug] [2020-09-13T15:01:37.531Z] [worker-pool] submitWork(triggerId=api) {"metadata":{"emulator":{"name":"functions"},"message":"[worker-pool] submitWork(triggerId=api)"}}
[debug] [2020-09-13T15:01:37.531Z] [worker-api-bf072732-d165-4ce3-87f2-e939795888a9]: Assigning socketPath: \\?\pipe\C:\Users\Alejandro\Desktop\Clever Programmer\amazon-clone\functions\6656 {"metadata":{"emulator":{"name":"functions"},"message":"[worker-api-bf072732-d165-4ce3-87f2-e939795888a9]: Assigning socketPath: \\\\?\\pipe\\C:\\Users\\Alejandro\\Desktop\\Clever Programmer\\amazon-clone\\functions\\6656"}}
[debug] [2020-09-13T15:01:37.531Z] [worker-api-bf072732-d165-4ce3-87f2-e939795888a9]: BUSY {"metadata":{"emulator":{"name":"functions"},"message":"[worker-api-bf072732-d165-4ce3-87f2-e939795888a9]: BUSY"}}
[debug] [2020-09-13T15:01:37.532Z] [runtime-status] [6656] Trigger "api" has been found, beginning invocation! {"metadata":{"emulator":{"name":"functions"},"function":{"name":"api"},"message":"[runtime-status] [6656] Trigger \"api\" has been found, beginning invocation!"}}
[info] i  functions: Beginning execution of "api" {"metadata":{"emulator":{"name":"functions"},"function":{"name":"api"},"message":"Beginning execution of \"api\""}}
[debug] [2020-09-13T15:01:37.534Z] [runtime-status] [6656] triggerDefinition {"httpsTrigger":{},"name":"api","entryPoint":"api"} {"metadata":{"emulator":{"name":"functions"},"function":{"name":"api"},"message":"[runtime-status] [6656] triggerDefinition {\"httpsTrigger\":{},\"name\":\"api\",\"entryPoint\":\"api\"}"}}
[debug] [2020-09-13T15:01:37.534Z] [runtime-status] [6656] Running api in mode HTTPS {"metadata":{"emulator":{"name":"functions"},"function":{"name":"api"},"message":"[runtime-status] [6656] Running api in mode HTTPS"}}
[debug] [2020-09-13T15:01:37.535Z] [runtime-status] [6656] Attempting to listen to socketPath: \\?\pipe\C:\Users\Alejandro\Desktop\Clever Programmer\amazon-clone\functions\6656 {"metadata":{"emulator":{"name":"functions"},"function":{"name":"api"},"message":"[runtime-status] [6656] Attempting to listen to socketPath: \\\\?\\pipe\\C:\\Users\\Alejandro\\Desktop\\Clever Programmer\\amazon-clone\\functions\\6656"}}
[debug] [2020-09-13T15:01:37.537Z] [functions] Runtime ready! Sending request! {"metadata":{"emulator":{"name":"functions"},"message":"[functions] Runtime ready! Sending request!"}}
[debug] [2020-09-13T15:01:37.540Z] [runtime-status] [6656] Ephemeral server handling POST request {"metadata":{"emulator":{"name":"functions"},"function":{"name":"api"},"message":"[runtime-status] [6656] Ephemeral server handling POST request"}}
[info] >  Payment Request Recieved!!! 69798 {"user":"Payment Request Recieved!!! 69798","metadata":{"emulator":{"name":"functions"},"function":{"name":"api"},"message":"\u001b[90m> \u001b[39m Payment Request Recieved!!! 69798"}}
[debug] [2020-09-13T15:01:37.544Z] [runtime-status] [6656] Ephemeral server survived. {"metadata":{"emulator":{"name":"functions"},"function":{"name":"api"},"message":"[runtime-status] [6656] Ephemeral server survived."}}
[info] i  functions: Finished "api" in ~1s {"metadata":{"emulator":{"name":"functions"},"function":{"name":"api"},"message":"Finished \"api\" in ~1s"}}
[debug] [2020-09-13T15:01:38.156Z] [worker-api-bf072732-d165-4ce3-87f2-e939795888a9]: IDLE {"metadata":{"emulator":{"name":"functions"},"message":"[worker-api-bf072732-d165-4ce3-87f2-e939795888a9]: IDLE"}}
[debug] [2020-09-13T15:01:38.156Z] [work-queue] {"queueLength":0,"workRunningCount":0}
[debug] [2020-09-13T15:02:00.949Z] [work-queue] {"queueLength":1,"workRunningCount":0}
[debug] [2020-09-13T15:02:00.949Z] [work-queue] {"queueLength":0,"workRunningCount":1}
[debug] [2020-09-13T15:02:00.949Z] Accepted request POST /challenge-4d263/us-central1/api/payments/create?total=0 --> api
[debug] [2020-09-13T15:02:00.950Z] [worker-pool] submitWork(triggerId=api) {"metadata":{"emulator":{"name":"functions"},"message":"[worker-pool] submitWork(triggerId=api)"}}
[debug] [2020-09-13T15:02:00.950Z] [worker-api-bf072732-d165-4ce3-87f2-e939795888a9]: Assigning socketPath: \\?\pipe\C:\Users\Alejandro\Desktop\Clever Programmer\amazon-clone\functions\6656 {"metadata":{"emulator":{"name":"functions"},"message":"[worker-api-bf072732-d165-4ce3-87f2-e939795888a9]: Assigning socketPath: \\\\?\\pipe\\C:\\Users\\Alejandro\\Desktop\\Clever Programmer\\amazon-clone\\functions\\6656"}}
[debug] [2020-09-13T15:02:00.950Z] [worker-api-bf072732-d165-4ce3-87f2-e939795888a9]: BUSY {"metadata":{"emulator":{"name":"functions"},"message":"[worker-api-bf072732-d165-4ce3-87f2-e939795888a9]: BUSY"}}
[debug] [2020-09-13T15:02:00.951Z] [runtime-status] [6656] Trigger "api" has been found, beginning invocation! {"metadata":{"emulator":{"name":"functions"},"function":{"name":"api"},"message":"[runtime-status] [6656] Trigger \"api\" has been found, beginning invocation!"}}
[info] i  functions: Beginning execution of "api" {"metadata":{"emulator":{"name":"functions"},"function":{"name":"api"},"message":"Beginning execution of \"api\""}}
[debug] [2020-09-13T15:02:00.958Z] [runtime-status] [6656] triggerDefinition {"httpsTrigger":{},"name":"api","entryPoint":"api"} {"metadata":{"emulator":{"name":"functions"},"function":{"name":"api"},"message":"[runtime-status] [6656] triggerDefinition {\"httpsTrigger\":{},\"name\":\"api\",\"entryPoint\":\"api\"}"}}
[debug] [2020-09-13T15:02:00.959Z] [runtime-status] [6656] Running api in mode HTTPS {"metadata":{"emulator":{"name":"functions"},"function":{"name":"api"},"message":"[runtime-status] [6656] Running api in mode HTTPS"}}
[debug] [2020-09-13T15:02:00.959Z] [runtime-status] [6656] Attempting to listen to socketPath: \\?\pipe\C:\Users\Alejandro\Desktop\Clever Programmer\amazon-clone\functions\6656 {"metadata":{"emulator":{"name":"functions"},"function":{"name":"api"},"message":"[runtime-status] [6656] Attempting to listen to socketPath: \\\\?\\pipe\\C:\\Users\\Alejandro\\Desktop\\Clever Programmer\\amazon-clone\\functions\\6656"}}
[debug] [2020-09-13T15:02:00.964Z] [functions] Runtime ready! Sending request! {"metadata":{"emulator":{"name":"functions"},"message":"[functions] Runtime ready! Sending request!"}}
[debug] [2020-09-13T15:02:00.967Z] [runtime-status] [6656] Ephemeral server handling POST request {"metadata":{"emulator":{"name":"functions"},"function":{"name":"api"},"message":"[runtime-status] [6656] Ephemeral server handling POST request"}}
[info] >  Payment Request Recieved!!! 0 {"user":"Payment Request Recieved!!! 0","metadata":{"emulator":{"name":"functions"},"function":{"name":"api"},"message":"\u001b[90m> \u001b[39m Payment Request Recieved!!! 0"}}
[debug] [2020-09-13T15:02:00.978Z] [runtime-status] [6656] Ephemeral server survived. {"metadata":{"emulator":{"name":"functions"},"function":{"name":"api"},"message":"[runtime-status] [6656] Ephemeral server survived."}}
[info] >  (node:6656) UnhandledPromiseRejectionWarning: Error: This value must be greater than or equal to 1. {"user":"(node:6656) UnhandledPromiseRejectionWarning: Error: This value must be greater than or equal to 1.","metadata":{"emulator":{"name":"functions"},"function":{"name":"api"},"message":"\u001b[90m> \u001b[39m (node:6656) UnhandledPromiseRejectionWarning: Error: This value must be greater than or equal to 1."}}
[info] >      at Function.generate (C:\Users\Alejandro\Desktop\Clever Programmer\amazon-clone\functions\node_modules\stripe\lib\Error.js:39:16) {"user":"    at Function.generate (C:\\Users\\Alejandro\\Desktop\\Clever Programmer\\amazon-clone\\functions\\node_modules\\stripe\\lib\\Error.js:39:16)","metadata":{"emulator":{"name":"functions"},"function":{"name":"api"},"message":"\u001b[90m> \u001b[39m     at Function.generate (C:\\Users\\Alejandro\\Desktop\\Clever Programmer\\amazon-clone\\functions\\node_modules\\stripe\\lib\\Error.js:39:16)"}}
[info] >      at IncomingMessage.res.once (C:\Users\Alejandro\Desktop\Clever Programmer\amazon-clone\functions\node_modules\stripe\lib\StripeResource.js:190:33) {"user":"    at IncomingMessage.res.once (C:\\Users\\Alejandro\\Desktop\\Clever Programmer\\amazon-clone\\functions\\node_modules\\stripe\\lib\\StripeResource.js:190:33)","metadata":{"emulator":{"name":"functions"},"function":{"name":"api"},"message":"\u001b[90m> \u001b[39m     at IncomingMessage.res.once (C:\\Users\\Alejandro\\Desktop\\Clever Programmer\\amazon-clone\\functions\\node_modules\\stripe\\lib\\StripeResource.js:190:33)"}}
[info] >      at Object.onceWrapper (events.js:277:13) {"user":"    at Object.onceWrapper (events.js:277:13)","metadata":{"emulator":{"name":"functions"},"function":{"name":"api"},"message":"\u001b[90m> \u001b[39m     at Object.onceWrapper (events.js:277:13)"}}
[info] >      at IncomingMessage.emit (events.js:194:15) {"user":"    at IncomingMessage.emit (events.js:194:15)","metadata":{"emulator":{"name":"functions"},"function":{"name":"api"},"message":"\u001b[90m> \u001b[39m     at IncomingMessage.emit (events.js:194:15)"}}
[info] >      at endReadableNT (_stream_readable.js:1125:12) {"user":"    at endReadableNT (_stream_readable.js:1125:12)","metadata":{"emulator":{"name":"functions"},"function":{"name":"api"},"message":"\u001b[90m> \u001b[39m     at endReadableNT (_stream_readable.js:1125:12)"}}
[info] >      at process._tickCallback (internal/process/next_tick.js:63:19) {"user":"    at process._tickCallback (internal/process/next_tick.js:63:19)","metadata":{"emulator":{"name":"functions"},"function":{"name":"api"},"message":"\u001b[90m> \u001b[39m     at process._tickCallback (internal/process/next_tick.js:63:19)"}}
[info] >  (node:6656) UnhandledPromiseRejectionWarning: Unhandled promise rejection. This error originated either by throwing inside of an async function without a catch block, or by rejecting a promise which was not handled with .catch(). (rejection id: 1) {"user":"(node:6656) UnhandledPromiseRejectionWarning: Unhandled promise rejection. This error originated either by throwing inside of an async function without a catch block, or by rejecting a promise which was not handled with .catch(). (rejection id: 1)","metadata":{"emulator":{"name":"functions"},"function":{"name":"api"},"message":"\u001b[90m> \u001b[39m (node:6656) UnhandledPromiseRejectionWarning: Unhandled promise rejection. This error originated either by throwing inside of an async function without a catch block, or by rejecting a promise which was not handled with .catch(). (rejection id: 1)"}}
[info] >  (node:6656) [DEP0018] DeprecationWarning: Unhandled promise rejections are deprecated. In the future, promise rejections that are not handled will terminate the Node.js process with a non-zero exit code. {"user":"(node:6656) [DEP0018] DeprecationWarning: Unhandled promise rejections are deprecated. In the future, promise rejections that are not handled will terminate the Node.js process with a non-zero exit code.","metadata":{"emulator":{"name":"functions"},"function":{"name":"api"},"message":"\u001b[90m> \u001b[39m (node:6656) [DEP0018] DeprecationWarning: Unhandled promise rejections are deprecated. In the future, promise rejections that are not handled will terminate the Node.js process with a non-zero exit code."}}
[warn] !  functions: Your function timed out after ~60s. To configure this timeout, see
      https://firebase.google.com/docs/functions/manage-functions#set_timeout_and_memory_allocation. {"metadata":{"emulator":{"name":"functions"},"function":{"name":"api"},"message":"Your function timed out after ~60s. To configure this timeout, see\n      https://firebase.google.com/docs/functions/manage-functions#set_timeout_and_memory_allocation."}}
[info] >  C:\Users\Alejandro\AppData\Roaming\npm\node_modules\firebase-tools\lib\emulator\functionsEmulatorRuntime.js:642 {"user":"C:\\Users\\Alejandro\\AppData\\Roaming\\npm\\node_modules\\firebase-tools\\lib\\emulator\\functionsEmulatorRuntime.js:642\r","metadata":{"emulator":{"name":"functions"},"function":{"name":"api"},"message":"\u001b[90m> \u001b[39m C:\\Users\\Alejandro\\AppData\\Roaming\\npm\\node_modules\\firebase-tools\\lib\\emulator\\functionsEmulatorRuntime.js:642\r"}}
[info] >                  throw new Error("Function timed out."); {"user":"                throw new Error(\"Function timed out.\");\r","metadata":{"emulator":{"name":"functions"},"function":{"name":"api"},"message":"\u001b[90m> \u001b[39m                 throw new Error(\"Function timed out.\");\r"}}
[info] >                  ^ {"user":"                ^\r","metadata":{"emulator":{"name":"functions"},"function":{"name":"api"},"message":"\u001b[90m> \u001b[39m                 ^\r"}}
[info] >   {"user":"\r","metadata":{"emulator":{"name":"functions"},"function":{"name":"api"},"message":"\u001b[90m> \u001b[39m \r"}}
[info] >  Error: Function timed out. {"user":"Error: Function timed out.\r","metadata":{"emulator":{"name":"functions"},"function":{"name":"api"},"message":"\u001b[90m> \u001b[39m Error: Function timed out.\r"}}
[info] >      at Timeout.setTimeout [as _onTimeout] (C:\Users\Alejandro\AppData\Roaming\npm\node_modules\firebase-tools\lib\emulator\functionsEmulatorRuntime.js:642:23) {"user":"    at Timeout.setTimeout [as _onTimeout] (C:\\Users\\Alejandro\\AppData\\Roaming\\npm\\node_modules\\firebase-tools\\lib\\emulator\\functionsEmulatorRuntime.js:642:23)\r","metadata":{"emulator":{"name":"functions"},"function":{"name":"api"},"message":"\u001b[90m> \u001b[39m     at Timeout.setTimeout [as _onTimeout] (C:\\Users\\Alejandro\\AppData\\Roaming\\npm\\node_modules\\firebase-tools\\lib\\emulator\\functionsEmulatorRuntime.js:642:23)\r"}}
[info] >      at ontimeout (timers.js:436:11) {"user":"    at ontimeout (timers.js:436:11)\r","metadata":{"emulator":{"name":"functions"},"function":{"name":"api"},"message":"\u001b[90m> \u001b[39m     at ontimeout (timers.js:436:11)\r"}}
[info] >      at tryOnTimeout (timers.js:300:5) {"user":"    at tryOnTimeout (timers.js:300:5)\r","metadata":{"emulator":{"name":"functions"},"function":{"name":"api"},"message":"\u001b[90m> \u001b[39m     at tryOnTimeout (timers.js:300:5)\r"}}
[info] >      at listOnTimeout (timers.js:263:5) {"user":"    at listOnTimeout (timers.js:263:5)\r","metadata":{"emulator":{"name":"functions"},"function":{"name":"api"},"message":"\u001b[90m> \u001b[39m     at listOnTimeout (timers.js:263:5)\r"}}
[info] >      at Timer.processTimers (timers.js:223:10) {"user":"    at Timer.processTimers (timers.js:223:10)\r","metadata":{"emulator":{"name":"functions"},"function":{"name":"api"},"message":"\u001b[90m> \u001b[39m     at Timer.processTimers (timers.js:223:10)\r"}}
[debug] [2020-09-13T15:03:00.972Z] [worker-api-bf072732-d165-4ce3-87f2-e939795888a9]: exited {"metadata":{"emulator":{"name":"functions"},"message":"[worker-api-bf072732-d165-4ce3-87f2-e939795888a9]: exited"}}
[debug] [2020-09-13T15:03:00.972Z] [worker-api-bf072732-d165-4ce3-87f2-e939795888a9]: FINISHED {"metadata":{"emulator":{"name":"functions"},"message":"[worker-api-bf072732-d165-4ce3-87f2-e939795888a9]: FINISHED"}}
[debug] [2020-09-13T15:03:00.972Z] [work-queue] {"queueLength":0,"workRunningCount":0}
[debug] [2020-09-13T15:35:47.326Z] [work-queue] {"queueLength":1,"workRunningCount":0}
[debug] [2020-09-13T15:35:47.326Z] [work-queue] {"queueLength":0,"workRunningCount":1}
[debug] [2020-09-13T15:35:47.326Z] Accepted request POST /challenge-4d263/us-central1/api/payments/create?total=23900 --> api
[debug] [2020-09-13T15:35:47.327Z] [worker-pool] Cleaned up workers for api: 1 --> 0 {"metadata":{"emulator":{"name":"functions"},"message":"[worker-pool] Cleaned up workers for api: 1 --> 0"}}
[debug] [2020-09-13T15:35:47.337Z] [worker-pool] addWorker(api) {"metadata":{"emulator":{"name":"functions"},"message":"[worker-pool] addWorker(api)"}}
[debug] [2020-09-13T15:35:47.337Z] [worker-pool] Adding worker with key api, total=1 {"metadata":{"emulator":{"name":"functions"},"message":"[worker-pool] Adding worker with key api, total=1"}}
[debug] [2020-09-13T15:35:47.338Z] [worker-pool] submitWork(triggerId=api) {"metadata":{"emulator":{"name":"functions"},"message":"[worker-pool] submitWork(triggerId=api)"}}
[debug] [2020-09-13T15:35:47.338Z] [worker-api-96df8f66-b993-4ea6-9008-d8082db7ea34]: Assigning socketPath: \\?\pipe\C:\Users\Alejandro\Desktop\Clever Programmer\amazon-clone\functions\6992 {"metadata":{"emulator":{"name":"functions"},"message":"[worker-api-96df8f66-b993-4ea6-9008-d8082db7ea34]: Assigning socketPath: \\\\?\\pipe\\C:\\Users\\Alejandro\\Desktop\\Clever Programmer\\amazon-clone\\functions\\6992"}}
[debug] [2020-09-13T15:35:47.338Z] [worker-api-96df8f66-b993-4ea6-9008-d8082db7ea34]: BUSY {"metadata":{"emulator":{"name":"functions"},"message":"[worker-api-96df8f66-b993-4ea6-9008-d8082db7ea34]: BUSY"}}
[debug] [2020-09-13T15:35:48.368Z] [runtime-status] [6992] Functions runtime initialized. {"cwd":"C:\\Users\\Alejandro\\Desktop\\Clever Programmer\\amazon-clone\\functions","node_version":"10.15.3"} {"metadata":{"emulator":{"name":"functions"},"function":{"name":"api"},"message":"[runtime-status] [6992] Functions runtime initialized. {\"cwd\":\"C:\\\\Users\\\\Alejandro\\\\Desktop\\\\Clever Programmer\\\\amazon-clone\\\\functions\",\"node_version\":\"10.15.3\"}"}}
[debug] [2020-09-13T15:35:48.370Z] [runtime-status] [6992] Disabled runtime features: undefined {"metadata":{"emulator":{"name":"functions"},"function":{"name":"api"},"message":"[runtime-status] [6992] Disabled runtime features: undefined"}}
[debug] [2020-09-13T15:35:48.375Z] [runtime-status] [6992] Resolved module firebase-admin {"declared":true,"installed":true,"version":"8.13.0","resolution":"C:\\Users\\Alejandro\\Desktop\\Clever Programmer\\amazon-clone\\functions\\node_modules\\firebase-admin\\lib\\index.js"} {"metadata":{"emulator":{"name":"functions"},"function":{"name":"api"},"message":"[runtime-status] [6992] Resolved module firebase-admin {\"declared\":true,\"installed\":true,\"version\":\"8.13.0\",\"resolution\":\"C:\\\\Users\\\\Alejandro\\\\Desktop\\\\Clever Programmer\\\\amazon-clone\\\\functions\\\\node_modules\\\\firebase-admin\\\\lib\\\\index.js\"}"}}
[debug] [2020-09-13T15:35:48.380Z] [runtime-status] [6992] Resolved module firebase-functions {"declared":true,"installed":true,"version":"3.11.0","resolution":"C:\\Users\\Alejandro\\Desktop\\Clever Programmer\\amazon-clone\\functions\\node_modules\\firebase-functions\\lib\\index.js"} {"metadata":{"emulator":{"name":"functions"},"function":{"name":"api"},"message":"[runtime-status] [6992] Resolved module firebase-functions {\"declared\":true,\"installed\":true,\"version\":\"3.11.0\",\"resolution\":\"C:\\\\Users\\\\Alejandro\\\\Desktop\\\\Clever Programmer\\\\amazon-clone\\\\functions\\\\node_modules\\\\firebase-functions\\\\lib\\\\index.js\"}"}}
[debug] [2020-09-13T15:35:48.381Z] [runtime-status] [6992] Resolved module firebase-functions {"declared":true,"installed":true,"version":"3.11.0","resolution":"C:\\Users\\Alejandro\\Desktop\\Clever Programmer\\amazon-clone\\functions\\node_modules\\firebase-functions\\lib\\index.js"} {"metadata":{"emulator":{"name":"functions"},"function":{"name":"api"},"message":"[runtime-status] [6992] Resolved module firebase-functions {\"declared\":true,\"installed\":true,\"version\":\"3.11.0\",\"resolution\":\"C:\\\\Users\\\\Alejandro\\\\Desktop\\\\Clever Programmer\\\\amazon-clone\\\\functions\\\\node_modules\\\\firebase-functions\\\\lib\\\\index.js\"}"}}
[debug] [2020-09-13T15:35:48.386Z] [runtime-status] [6992] Outgoing network have been stubbed. [{"name":"http","status":"mocked"},{"name":"http","status":"mocked"},{"name":"https","status":"mocked"},{"name":"https","status":"mocked"},{"name":"net","status":"mocked"}] {"metadata":{"emulator":{"name":"functions"},"function":{"name":"api"},"message":"[runtime-status] [6992] Outgoing network have been stubbed. [{\"name\":\"http\",\"status\":\"mocked\"},{\"name\":\"http\",\"status\":\"mocked\"},{\"name\":\"https\",\"status\":\"mocked\"},{\"name\":\"https\",\"status\":\"mocked\"},{\"name\":\"net\",\"status\":\"mocked\"}]"}}
[debug] [2020-09-13T15:35:48.388Z] [runtime-status] [6992] Resolved module firebase-functions {"declared":true,"installed":true,"version":"3.11.0","resolution":"C:\\Users\\Alejandro\\Desktop\\Clever Programmer\\amazon-clone\\functions\\node_modules\\firebase-functions\\lib\\index.js"} {"metadata":{"emulator":{"name":"functions"},"function":{"name":"api"},"message":"[runtime-status] [6992] Resolved module firebase-functions {\"declared\":true,\"installed\":true,\"version\":\"3.11.0\",\"resolution\":\"C:\\\\Users\\\\Alejandro\\\\Desktop\\\\Clever Programmer\\\\amazon-clone\\\\functions\\\\node_modules\\\\firebase-functions\\\\lib\\\\index.js\"}"}}
[debug] [2020-09-13T15:35:48.465Z] [runtime-status] [6992] Checked functions.config() {"config":{}} {"metadata":{"emulator":{"name":"functions"},"function":{"name":"api"},"message":"[runtime-status] [6992] Checked functions.config() {\"config\":{}}"}}
[debug] [2020-09-13T15:35:48.466Z] [runtime-status] [6992] firebase-functions has been stubbed. {"functionsResolution":{"declared":true,"installed":true,"version":"3.11.0","resolution":"C:\\Users\\Alejandro\\Desktop\\Clever Programmer\\amazon-clone\\functions\\node_modules\\firebase-functions\\lib\\index.js"}} {"metadata":{"emulator":{"name":"functions"},"function":{"name":"api"},"message":"[runtime-status] [6992] firebase-functions has been stubbed. {\"functionsResolution\":{\"declared\":true,\"installed\":true,\"version\":\"3.11.0\",\"resolution\":\"C:\\\\Users\\\\Alejandro\\\\Desktop\\\\Clever Programmer\\\\amazon-clone\\\\functions\\\\node_modules\\\\firebase-functions\\\\lib\\\\index.js\"}}"}}
[debug] [2020-09-13T15:35:48.467Z] [runtime-status] [6992] Resolved module firebase-functions {"declared":true,"installed":true,"version":"3.11.0","resolution":"C:\\Users\\Alejandro\\Desktop\\Clever Programmer\\amazon-clone\\functions\\node_modules\\firebase-functions\\lib\\index.js"} {"metadata":{"emulator":{"name":"functions"},"function":{"name":"api"},"message":"[runtime-status] [6992] Resolved module firebase-functions {\"declared\":true,\"installed\":true,\"version\":\"3.11.0\",\"resolution\":\"C:\\\\Users\\\\Alejandro\\\\Desktop\\\\Clever Programmer\\\\amazon-clone\\\\functions\\\\node_modules\\\\firebase-functions\\\\lib\\\\index.js\"}"}}
[debug] [2020-09-13T15:35:48.468Z] [runtime-status] [6992] Resolved module firebase-admin {"declared":true,"installed":true,"version":"8.13.0","resolution":"C:\\Users\\Alejandro\\Desktop\\Clever Programmer\\amazon-clone\\functions\\node_modules\\firebase-admin\\lib\\index.js"} {"metadata":{"emulator":{"name":"functions"},"function":{"name":"api"},"message":"[runtime-status] [6992] Resolved module firebase-admin {\"declared\":true,\"installed\":true,\"version\":\"8.13.0\",\"resolution\":\"C:\\\\Users\\\\Alejandro\\\\Desktop\\\\Clever Programmer\\\\amazon-clone\\\\functions\\\\node_modules\\\\firebase-admin\\\\lib\\\\index.js\"}"}}
[debug] [2020-09-13T15:35:48.469Z] [runtime-status] [6992] Resolved module firebase-functions {"declared":true,"installed":true,"version":"3.11.0","resolution":"C:\\Users\\Alejandro\\Desktop\\Clever Programmer\\amazon-clone\\functions\\node_modules\\firebase-functions\\lib\\index.js"} {"metadata":{"emulator":{"name":"functions"},"function":{"name":"api"},"message":"[runtime-status] [6992] Resolved module firebase-functions {\"declared\":true,\"installed\":true,\"version\":\"3.11.0\",\"resolution\":\"C:\\\\Users\\\\Alejandro\\\\Desktop\\\\Clever Programmer\\\\amazon-clone\\\\functions\\\\node_modules\\\\firebase-functions\\\\lib\\\\index.js\"}"}}
[debug] [2020-09-13T15:35:48.470Z] [runtime-status] [6992] firebase-admin has been stubbed. {"adminResolution":{"declared":true,"installed":true,"version":"8.13.0","resolution":"C:\\Users\\Alejandro\\Desktop\\Clever Programmer\\amazon-clone\\functions\\node_modules\\firebase-admin\\lib\\index.js"}} {"metadata":{"emulator":{"name":"functions"},"function":{"name":"api"},"message":"[runtime-status] [6992] firebase-admin has been stubbed. {\"adminResolution\":{\"declared\":true,\"installed\":true,\"version\":\"8.13.0\",\"resolution\":\"C:\\\\Users\\\\Alejandro\\\\Desktop\\\\Clever Programmer\\\\amazon-clone\\\\functions\\\\node_modules\\\\firebase-admin\\\\lib\\\\index.js\"}}"}}
[debug] [2020-09-13T15:35:48.737Z] [runtime-status] [6992] Trigger "api" has been found, beginning invocation! {"metadata":{"emulator":{"name":"functions"},"function":{"name":"api"},"message":"[runtime-status] [6992] Trigger \"api\" has been found, beginning invocation!"}}
[info] i  functions: Beginning execution of "api" {"metadata":{"emulator":{"name":"functions"},"function":{"name":"api"},"message":"Beginning execution of \"api\""}}
[debug] [2020-09-13T15:35:48.740Z] [runtime-status] [6992] triggerDefinition {"httpsTrigger":{},"name":"api","entryPoint":"api"} {"metadata":{"emulator":{"name":"functions"},"function":{"name":"api"},"message":"[runtime-status] [6992] triggerDefinition {\"httpsTrigger\":{},\"name\":\"api\",\"entryPoint\":\"api\"}"}}
[debug] [2020-09-13T15:35:48.740Z] [runtime-status] [6992] Running api in mode HTTPS {"metadata":{"emulator":{"name":"functions"},"function":{"name":"api"},"message":"[runtime-status] [6992] Running api in mode HTTPS"}}
[debug] [2020-09-13T15:35:48.745Z] [runtime-status] [6992] Attempting to listen to socketPath: \\?\pipe\C:\Users\Alejandro\Desktop\Clever Programmer\amazon-clone\functions\6992 {"metadata":{"emulator":{"name":"functions"},"function":{"name":"api"},"message":"[runtime-status] [6992] Attempting to listen to socketPath: \\\\?\\pipe\\C:\\Users\\Alejandro\\Desktop\\Clever Programmer\\amazon-clone\\functions\\6992"}}
[debug] [2020-09-13T15:35:48.751Z] [functions] Runtime ready! Sending request! {"metadata":{"emulator":{"name":"functions"},"message":"[functions] Runtime ready! Sending request!"}}
[debug] [2020-09-13T15:35:48.763Z] [runtime-status] [6992] Ephemeral server handling POST request {"metadata":{"emulator":{"name":"functions"},"function":{"name":"api"},"message":"[runtime-status] [6992] Ephemeral server handling POST request"}}
[info] >  Payment Request Recieved!!! 23900 {"user":"Payment Request Recieved!!! 23900","metadata":{"emulator":{"name":"functions"},"function":{"name":"api"},"message":"\u001b[90m> \u001b[39m Payment Request Recieved!!! 23900"}}
[debug] [2020-09-13T15:35:48.781Z] [runtime-status] [6992] Ephemeral server survived. {"metadata":{"emulator":{"name":"functions"},"function":{"name":"api"},"message":"[runtime-status] [6992] Ephemeral server survived."}}
[info] i  functions: Finished "api" in ~1s {"metadata":{"emulator":{"name":"functions"},"function":{"name":"api"},"message":"Finished \"api\" in ~1s"}}
[debug] [2020-09-13T15:35:50.038Z] [worker-api-96df8f66-b993-4ea6-9008-d8082db7ea34]: IDLE {"metadata":{"emulator":{"name":"functions"},"message":"[worker-api-96df8f66-b993-4ea6-9008-d8082db7ea34]: IDLE"}}
[debug] [2020-09-13T15:35:50.038Z] [work-queue] {"queueLength":0,"workRunningCount":0}
[debug] [2020-09-13T15:36:11.685Z] [work-queue] {"queueLength":1,"workRunningCount":0}
[debug] [2020-09-13T15:36:11.685Z] [work-queue] {"queueLength":0,"workRunningCount":1}
[debug] [2020-09-13T15:36:11.686Z] Accepted request POST /challenge-4d263/us-central1/api/payments/create?total=2999 --> api
[debug] [2020-09-13T15:36:11.686Z] [worker-pool] submitWork(triggerId=api) {"metadata":{"emulator":{"name":"functions"},"message":"[worker-pool] submitWork(triggerId=api)"}}
[debug] [2020-09-13T15:36:11.686Z] [worker-api-96df8f66-b993-4ea6-9008-d8082db7ea34]: Assigning socketPath: \\?\pipe\C:\Users\Alejandro\Desktop\Clever Programmer\amazon-clone\functions\6992 {"metadata":{"emulator":{"name":"functions"},"message":"[worker-api-96df8f66-b993-4ea6-9008-d8082db7ea34]: Assigning socketPath: \\\\?\\pipe\\C:\\Users\\Alejandro\\Desktop\\Clever Programmer\\amazon-clone\\functions\\6992"}}
[debug] [2020-09-13T15:36:11.686Z] [worker-api-96df8f66-b993-4ea6-9008-d8082db7ea34]: BUSY {"metadata":{"emulator":{"name":"functions"},"message":"[worker-api-96df8f66-b993-4ea6-9008-d8082db7ea34]: BUSY"}}
[debug] [2020-09-13T15:36:11.687Z] [runtime-status] [6992] Trigger "api" has been found, beginning invocation! {"metadata":{"emulator":{"name":"functions"},"function":{"name":"api"},"message":"[runtime-status] [6992] Trigger \"api\" has been found, beginning invocation!"}}
[info] i  functions: Beginning execution of "api" {"metadata":{"emulator":{"name":"functions"},"function":{"name":"api"},"message":"Beginning execution of \"api\""}}
[debug] [2020-09-13T15:36:11.693Z] [runtime-status] [6992] triggerDefinition {"httpsTrigger":{},"name":"api","entryPoint":"api"} {"metadata":{"emulator":{"name":"functions"},"function":{"name":"api"},"message":"[runtime-status] [6992] triggerDefinition {\"httpsTrigger\":{},\"name\":\"api\",\"entryPoint\":\"api\"}"}}
[debug] [2020-09-13T15:36:11.693Z] [runtime-status] [6992] Running api in mode HTTPS {"metadata":{"emulator":{"name":"functions"},"function":{"name":"api"},"message":"[runtime-status] [6992] Running api in mode HTTPS"}}
[debug] [2020-09-13T15:36:11.693Z] [runtime-status] [6992] Attempting to listen to socketPath: \\?\pipe\C:\Users\Alejandro\Desktop\Clever Programmer\amazon-clone\functions\6992 {"metadata":{"emulator":{"name":"functions"},"function":{"name":"api"},"message":"[runtime-status] [6992] Attempting to listen to socketPath: \\\\?\\pipe\\C:\\Users\\Alejandro\\Desktop\\Clever Programmer\\amazon-clone\\functions\\6992"}}
[debug] [2020-09-13T15:36:11.696Z] [functions] Runtime ready! Sending request! {"metadata":{"emulator":{"name":"functions"},"message":"[functions] Runtime ready! Sending request!"}}
[debug] [2020-09-13T15:36:11.700Z] [runtime-status] [6992] Ephemeral server handling POST request {"metadata":{"emulator":{"name":"functions"},"function":{"name":"api"},"message":"[runtime-status] [6992] Ephemeral server handling POST request"}}
[info] >  Payment Request Recieved!!! 2999 {"user":"Payment Request Recieved!!! 2999","metadata":{"emulator":{"name":"functions"},"function":{"name":"api"},"message":"\u001b[90m> \u001b[39m Payment Request Recieved!!! 2999"}}
[debug] [2020-09-13T15:36:11.710Z] [runtime-status] [6992] Ephemeral server survived. {"metadata":{"emulator":{"name":"functions"},"function":{"name":"api"},"message":"[runtime-status] [6992] Ephemeral server survived."}}
[info] i  functions: Finished "api" in ~1s {"metadata":{"emulator":{"name":"functions"},"function":{"name":"api"},"message":"Finished \"api\" in ~1s"}}
[debug] [2020-09-13T15:36:11.979Z] [worker-api-96df8f66-b993-4ea6-9008-d8082db7ea34]: IDLE {"metadata":{"emulator":{"name":"functions"},"message":"[worker-api-96df8f66-b993-4ea6-9008-d8082db7ea34]: IDLE"}}
[debug] [2020-09-13T15:36:11.979Z] [work-queue] {"queueLength":0,"workRunningCount":0}
[debug] [2020-09-13T15:36:23.119Z] [work-queue] {"queueLength":1,"workRunningCount":0}
[debug] [2020-09-13T15:36:23.119Z] [work-queue] {"queueLength":0,"workRunningCount":1}
[debug] [2020-09-13T15:36:23.119Z] Accepted request POST /challenge-4d263/us-central1/api/payments/create?total=0 --> api
[debug] [2020-09-13T15:36:23.119Z] [worker-pool] submitWork(triggerId=api) {"metadata":{"emulator":{"name":"functions"},"message":"[worker-pool] submitWork(triggerId=api)"}}
[debug] [2020-09-13T15:36:23.119Z] [worker-api-96df8f66-b993-4ea6-9008-d8082db7ea34]: Assigning socketPath: \\?\pipe\C:\Users\Alejandro\Desktop\Clever Programmer\amazon-clone\functions\6992 {"metadata":{"emulator":{"name":"functions"},"message":"[worker-api-96df8f66-b993-4ea6-9008-d8082db7ea34]: Assigning socketPath: \\\\?\\pipe\\C:\\Users\\Alejandro\\Desktop\\Clever Programmer\\amazon-clone\\functions\\6992"}}
[debug] [2020-09-13T15:36:23.119Z] [worker-api-96df8f66-b993-4ea6-9008-d8082db7ea34]: BUSY {"metadata":{"emulator":{"name":"functions"},"message":"[worker-api-96df8f66-b993-4ea6-9008-d8082db7ea34]: BUSY"}}
[debug] [2020-09-13T15:36:23.120Z] [runtime-status] [6992] Trigger "api" has been found, beginning invocation! {"metadata":{"emulator":{"name":"functions"},"function":{"name":"api"},"message":"[runtime-status] [6992] Trigger \"api\" has been found, beginning invocation!"}}
[info] i  functions: Beginning execution of "api" {"metadata":{"emulator":{"name":"functions"},"function":{"name":"api"},"message":"Beginning execution of \"api\""}}
[debug] [2020-09-13T15:36:23.122Z] [runtime-status] [6992] triggerDefinition {"httpsTrigger":{},"name":"api","entryPoint":"api"} {"metadata":{"emulator":{"name":"functions"},"function":{"name":"api"},"message":"[runtime-status] [6992] triggerDefinition {\"httpsTrigger\":{},\"name\":\"api\",\"entryPoint\":\"api\"}"}}
[debug] [2020-09-13T15:36:23.122Z] [runtime-status] [6992] Running api in mode HTTPS {"metadata":{"emulator":{"name":"functions"},"function":{"name":"api"},"message":"[runtime-status] [6992] Running api in mode HTTPS"}}
[debug] [2020-09-13T15:36:23.122Z] [runtime-status] [6992] Attempting to listen to socketPath: \\?\pipe\C:\Users\Alejandro\Desktop\Clever Programmer\amazon-clone\functions\6992 {"metadata":{"emulator":{"name":"functions"},"function":{"name":"api"},"message":"[runtime-status] [6992] Attempting to listen to socketPath: \\\\?\\pipe\\C:\\Users\\Alejandro\\Desktop\\Clever Programmer\\amazon-clone\\functions\\6992"}}
[debug] [2020-09-13T15:36:23.123Z] [functions] Runtime ready! Sending request! {"metadata":{"emulator":{"name":"functions"},"message":"[functions] Runtime ready! Sending request!"}}
[debug] [2020-09-13T15:36:23.126Z] [runtime-status] [6992] Ephemeral server handling POST request {"metadata":{"emulator":{"name":"functions"},"function":{"name":"api"},"message":"[runtime-status] [6992] Ephemeral server handling POST request"}}
[info] >  Payment Request Recieved!!! 0 {"user":"Payment Request Recieved!!! 0","metadata":{"emulator":{"name":"functions"},"function":{"name":"api"},"message":"\u001b[90m> \u001b[39m Payment Request Recieved!!! 0"}}
[debug] [2020-09-13T15:36:23.128Z] [runtime-status] [6992] Ephemeral server survived. {"metadata":{"emulator":{"name":"functions"},"function":{"name":"api"},"message":"[runtime-status] [6992] Ephemeral server survived."}}
[info] >  (node:6992) UnhandledPromiseRejectionWarning: Error: This value must be greater than or equal to 1. {"user":"(node:6992) UnhandledPromiseRejectionWarning: Error: This value must be greater than or equal to 1.","metadata":{"emulator":{"name":"functions"},"function":{"name":"api"},"message":"\u001b[90m> \u001b[39m (node:6992) UnhandledPromiseRejectionWarning: Error: This value must be greater than or equal to 1."}}
[info] >      at Function.generate (C:\Users\Alejandro\Desktop\Clever Programmer\amazon-clone\functions\node_modules\stripe\lib\Error.js:39:16) {"user":"    at Function.generate (C:\\Users\\Alejandro\\Desktop\\Clever Programmer\\amazon-clone\\functions\\node_modules\\stripe\\lib\\Error.js:39:16)","metadata":{"emulator":{"name":"functions"},"function":{"name":"api"},"message":"\u001b[90m> \u001b[39m     at Function.generate (C:\\Users\\Alejandro\\Desktop\\Clever Programmer\\amazon-clone\\functions\\node_modules\\stripe\\lib\\Error.js:39:16)"}}
[info] >      at IncomingMessage.res.once (C:\Users\Alejandro\Desktop\Clever Programmer\amazon-clone\functions\node_modules\stripe\lib\StripeResource.js:190:33) {"user":"    at IncomingMessage.res.once (C:\\Users\\Alejandro\\Desktop\\Clever Programmer\\amazon-clone\\functions\\node_modules\\stripe\\lib\\StripeResource.js:190:33)","metadata":{"emulator":{"name":"functions"},"function":{"name":"api"},"message":"\u001b[90m> \u001b[39m     at IncomingMessage.res.once (C:\\Users\\Alejandro\\Desktop\\Clever Programmer\\amazon-clone\\functions\\node_modules\\stripe\\lib\\StripeResource.js:190:33)"}}
[info] >      at Object.onceWrapper (events.js:277:13) {"user":"    at Object.onceWrapper (events.js:277:13)","metadata":{"emulator":{"name":"functions"},"function":{"name":"api"},"message":"\u001b[90m> \u001b[39m     at Object.onceWrapper (events.js:277:13)"}}
[info] >      at IncomingMessage.emit (events.js:194:15) {"user":"    at IncomingMessage.emit (events.js:194:15)","metadata":{"emulator":{"name":"functions"},"function":{"name":"api"},"message":"\u001b[90m> \u001b[39m     at IncomingMessage.emit (events.js:194:15)"}}
[info] >      at endReadableNT (_stream_readable.js:1125:12) {"user":"    at endReadableNT (_stream_readable.js:1125:12)","metadata":{"emulator":{"name":"functions"},"function":{"name":"api"},"message":"\u001b[90m> \u001b[39m     at endReadableNT (_stream_readable.js:1125:12)"}}
[info] >      at process._tickCallback (internal/process/next_tick.js:63:19) {"user":"    at process._tickCallback (internal/process/next_tick.js:63:19)","metadata":{"emulator":{"name":"functions"},"function":{"name":"api"},"message":"\u001b[90m> \u001b[39m     at process._tickCallback (internal/process/next_tick.js:63:19)"}}
[info] >  (node:6992) UnhandledPromiseRejectionWarning: Unhandled promise rejection. This error originated either by throwing inside of an async function without a catch block, or by rejecting a promise which was not handled with .catch(). (rejection id: 1) {"user":"(node:6992) UnhandledPromiseRejectionWarning: Unhandled promise rejection. This error originated either by throwing inside of an async function without a catch block, or by rejecting a promise which was not handled with .catch(). (rejection id: 1)","metadata":{"emulator":{"name":"functions"},"function":{"name":"api"},"message":"\u001b[90m> \u001b[39m (node:6992) UnhandledPromiseRejectionWarning: Unhandled promise rejection. This error originated either by throwing inside of an async function without a catch block, or by rejecting a promise which was not handled with .catch(). (rejection id: 1)"}}
[info] >  (node:6992) [DEP0018] DeprecationWarning: Unhandled promise rejections are deprecated. In the future, promise rejections that are not handled will terminate the Node.js process with a non-zero exit code. {"user":"(node:6992) [DEP0018] DeprecationWarning: Unhandled promise rejections are deprecated. In the future, promise rejections that are not handled will terminate the Node.js process with a non-zero exit code.","metadata":{"emulator":{"name":"functions"},"function":{"name":"api"},"message":"\u001b[90m> \u001b[39m (node:6992) [DEP0018] DeprecationWarning: Unhandled promise rejections are deprecated. In the future, promise rejections that are not handled will terminate the Node.js process with a non-zero exit code."}}
[warn] !  functions: Your function timed out after ~60s. To configure this timeout, see
      https://firebase.google.com/docs/functions/manage-functions#set_timeout_and_memory_allocation. {"metadata":{"emulator":{"name":"functions"},"function":{"name":"api"},"message":"Your function timed out after ~60s. To configure this timeout, see\n      https://firebase.google.com/docs/functions/manage-functions#set_timeout_and_memory_allocation."}}
[info] >  C:\Users\Alejandro\AppData\Roaming\npm\node_modules\firebase-tools\lib\emulator\functionsEmulatorRuntime.js:642 {"user":"C:\\Users\\Alejandro\\AppData\\Roaming\\npm\\node_modules\\firebase-tools\\lib\\emulator\\functionsEmulatorRuntime.js:642\r","metadata":{"emulator":{"name":"functions"},"function":{"name":"api"},"message":"\u001b[90m> \u001b[39m C:\\Users\\Alejandro\\AppData\\Roaming\\npm\\node_modules\\firebase-tools\\lib\\emulator\\functionsEmulatorRuntime.js:642\r"}}
[info] >                  throw new Error("Function timed out."); {"user":"                throw new Error(\"Function timed out.\");\r","metadata":{"emulator":{"name":"functions"},"function":{"name":"api"},"message":"\u001b[90m> \u001b[39m                 throw new Error(\"Function timed out.\");\r"}}
[info] >                  ^ {"user":"                ^\r","metadata":{"emulator":{"name":"functions"},"function":{"name":"api"},"message":"\u001b[90m> \u001b[39m                 ^\r"}}
[info] >   {"user":"\r","metadata":{"emulator":{"name":"functions"},"function":{"name":"api"},"message":"\u001b[90m> \u001b[39m \r"}}
[info] >  Error: Function timed out. {"user":"Error: Function timed out.\r","metadata":{"emulator":{"name":"functions"},"function":{"name":"api"},"message":"\u001b[90m> \u001b[39m Error: Function timed out.\r"}}
[info] >      at Timeout.setTimeout [as _onTimeout] (C:\Users\Alejandro\AppData\Roaming\npm\node_modules\firebase-tools\lib\emulator\functionsEmulatorRuntime.js:642:23) {"user":"    at Timeout.setTimeout [as _onTimeout] (C:\\Users\\Alejandro\\AppData\\Roaming\\npm\\node_modules\\firebase-tools\\lib\\emulator\\functionsEmulatorRuntime.js:642:23)\r","metadata":{"emulator":{"name":"functions"},"function":{"name":"api"},"message":"\u001b[90m> \u001b[39m     at Timeout.setTimeout [as _onTimeout] (C:\\Users\\Alejandro\\AppData\\Roaming\\npm\\node_modules\\firebase-tools\\lib\\emulator\\functionsEmulatorRuntime.js:642:23)\r"}}
[info] >      at ontimeout (timers.js:436:11) {"user":"    at ontimeout (timers.js:436:11)\r","metadata":{"emulator":{"name":"functions"},"function":{"name":"api"},"message":"\u001b[90m> \u001b[39m     at ontimeout (timers.js:436:11)\r"}}
[info] >      at tryOnTimeout (timers.js:300:5) {"user":"    at tryOnTimeout (timers.js:300:5)\r","metadata":{"emulator":{"name":"functions"},"function":{"name":"api"},"message":"\u001b[90m> \u001b[39m     at tryOnTimeout (timers.js:300:5)\r"}}
[info] >      at listOnTimeout (timers.js:263:5) {"user":"    at listOnTimeout (timers.js:263:5)\r","metadata":{"emulator":{"name":"functions"},"function":{"name":"api"},"message":"\u001b[90m> \u001b[39m     at listOnTimeout (timers.js:263:5)\r"}}
[info] >      at Timer.processTimers (timers.js:223:10) {"user":"    at Timer.processTimers (timers.js:223:10)\r","metadata":{"emulator":{"name":"functions"},"function":{"name":"api"},"message":"\u001b[90m> \u001b[39m     at Timer.processTimers (timers.js:223:10)\r"}}
[debug] [2020-09-13T15:37:23.139Z] [worker-api-96df8f66-b993-4ea6-9008-d8082db7ea34]: exited {"metadata":{"emulator":{"name":"functions"},"message":"[worker-api-96df8f66-b993-4ea6-9008-d8082db7ea34]: exited"}}
[debug] [2020-09-13T15:37:23.139Z] [worker-api-96df8f66-b993-4ea6-9008-d8082db7ea34]: FINISHED {"metadata":{"emulator":{"name":"functions"},"message":"[worker-api-96df8f66-b993-4ea6-9008-d8082db7ea34]: FINISHED"}}
[debug] [2020-09-13T15:37:23.139Z] [work-queue] {"queueLength":0,"workRunningCount":0}
